<?xml version="1.0" encoding="UTF-8"?>
<robot generator="Robot 5.0.1 (Python 3.10.5 on win32)" generated="20220722 19:54:27.729" rpa="false" schemaversion="3">
<suite id="s1" name="TC 1" source="C:\Users\Administrator\Desktop\Robotium\Testcases\TC_1.robot">
<test id="s1-t1" name="User should be able to search a product" line="7">
<kw name="Open flipkart Website" library="instructions">
<kw name="Open Browser" library="SeleniumLibrary">
<arg>${URL}</arg>
<arg>${Browser}</arg>
<doc>Opens a new browser instance to the optional ``url``.</doc>
<msg timestamp="20220722 19:54:28.025" level="INFO">Opening browser 'chrome' to base url 'https://www.flipkart.com/'.</msg>
<status status="PASS" starttime="20220722 19:54:28.025" endtime="20220722 19:54:32.462"/>
</kw>
<kw name="Click Button" library="SeleniumLibrary">
<arg>${cross}</arg>
<doc>Clicks the button identified by ``locator``.</doc>
<msg timestamp="20220722 19:54:32.464" level="INFO">Clicking button 'xpath://*[@class="_2KpZ6l _2doB4z"]'.</msg>
<status status="PASS" starttime="20220722 19:54:32.462" endtime="20220722 19:54:32.642"/>
</kw>
<status status="PASS" starttime="20220722 19:54:28.025" endtime="20220722 19:54:32.643"/>
</kw>
<kw name="User Searchs For A Product" library="instructions">
<kw name="Input Text" library="SeleniumLibrary">
<arg>${searchbar}</arg>
<arg>${product}</arg>
<doc>Types the given ``text`` into the text field identified by ``locator``.</doc>
<msg timestamp="20220722 19:54:32.645" level="INFO">Typing text 'Home Decor Range' into text field 'xpath://*[@class="_3704LK"]'.</msg>
<status status="PASS" starttime="20220722 19:54:32.644" endtime="20220722 19:54:32.887"/>
</kw>
<kw name="Sleep" library="BuiltIn">
<arg>3s</arg>
<doc>Pauses the test executed for the given time.</doc>
<msg timestamp="20220722 19:54:35.896" level="INFO">Slept 3 seconds</msg>
<status status="PASS" starttime="20220722 19:54:32.887" endtime="20220722 19:54:35.896"/>
</kw>
<kw name="Click Element" library="SeleniumLibrary">
<arg>${Entersearch}</arg>
<doc>Click the element identified by ``locator``.</doc>
<msg timestamp="20220722 19:54:35.896" level="INFO">Clicking element 'xpath://*[@class="L0Z3Pu"]'.</msg>
<status status="PASS" starttime="20220722 19:54:35.896" endtime="20220722 19:54:36.057"/>
</kw>
<status status="PASS" starttime="20220722 19:54:32.643" endtime="20220722 19:54:36.057"/>
</kw>
<status status="PASS" starttime="20220722 19:54:28.024" endtime="20220722 19:54:36.058"/>
</test>
<test id="s1-t2" name="User Should Search For OfferZone" line="11">
<kw name="User Should Search For Offer Zone" library="instructions">
<kw name="Sleep" library="BuiltIn">
<arg>3s</arg>
<doc>Pauses the test executed for the given time.</doc>
<msg timestamp="20220722 19:54:39.064" level="INFO">Slept 3 seconds</msg>
<status status="PASS" starttime="20220722 19:54:36.061" endtime="20220722 19:54:39.064"/>
</kw>
<kw name="Click Element" library="SeleniumLibrary">
<arg>${Offer Zone}</arg>
<doc>Click the element identified by ``locator``.</doc>
<msg timestamp="20220722 19:54:39.065" level="INFO">Clicking element 'xpath://a[contains(text(),'Offer Zone')]'.</msg>
<status status="PASS" starttime="20220722 19:54:39.064" endtime="20220722 19:54:39.137"/>
</kw>
<kw name="Sleep" library="BuiltIn">
<arg>5s</arg>
<doc>Pauses the test executed for the given time.</doc>
<msg timestamp="20220722 19:54:44.150" level="INFO">Slept 5 seconds</msg>
<status status="PASS" starttime="20220722 19:54:39.137" endtime="20220722 19:54:44.150"/>
</kw>
<kw name="Click Link" library="SeleniumLibrary">
<arg>${view}</arg>
<doc>Clicks a link identified by ``locator``.</doc>
<msg timestamp="20220722 19:54:44.150" level="INFO">Clicking link 'xpath://*[@href="/offers-list/fashion-top-deals?screen=dynamic&amp;pk=themeViews%3DLS-Topoffer-DT%3Add~widgetType%3DdealCard~contentType%3Dneo&amp;wid=2.dealCard.OMU_1&amp;otracker=clp_omu_Fashion%2BTop%2BDeals_offers-store_1&amp;otracker1=clp_omu_PINNED_neo%2Fmerchandising_Fashion%2BTop%2BDeals_NA_wc_view-all_1"]'.</msg>
<status status="PASS" starttime="20220722 19:54:44.150" endtime="20220722 19:54:44.241"/>
</kw>
<kw name="Sleep" library="BuiltIn">
<arg>3s</arg>
<doc>Pauses the test executed for the given time.</doc>
<msg timestamp="20220722 19:54:47.244" level="INFO">Slept 3 seconds</msg>
<status status="PASS" starttime="20220722 19:54:44.241" endtime="20220722 19:54:47.244"/>
</kw>
<kw name="Scroll Element Into View" library="SeleniumLibrary">
<arg>${Bag}</arg>
<doc>Scrolls the element identified by ``locator`` into view.</doc>
<status status="PASS" starttime="20220722 19:54:47.246" endtime="20220722 19:54:47.568"/>
</kw>
<kw name="Click Element" library="SeleniumLibrary">
<arg>${Bag}</arg>
<doc>Click the element identified by ``locator``.</doc>
<msg timestamp="20220722 19:54:47.568" level="INFO">Clicking element 'xpath://div[normalize-space()='American Tourister, Skybags...']'.</msg>
<status status="PASS" starttime="20220722 19:54:47.568" endtime="20220722 19:54:47.704"/>
</kw>
<kw name="Sleep" library="BuiltIn">
<arg>3s</arg>
<doc>Pauses the test executed for the given time.</doc>
<msg timestamp="20220722 19:54:50.720" level="INFO">Slept 3 seconds</msg>
<status status="PASS" starttime="20220722 19:54:47.705" endtime="20220722 19:54:50.720"/>
</kw>
<kw name="Sleep" library="BuiltIn">
<arg>3s</arg>
<doc>Pauses the test executed for the given time.</doc>
<msg timestamp="20220722 19:54:53.727" level="INFO">Slept 3 seconds</msg>
<status status="PASS" starttime="20220722 19:54:50.720" endtime="20220722 19:54:53.727"/>
</kw>
<kw name="Click Element" library="SeleniumLibrary">
<arg>${Bag3}</arg>
<doc>Click the element identified by ``locator``.</doc>
<msg timestamp="20220722 19:54:53.728" level="INFO">Clicking element 'xpath:(//div[@class='_1xHGtK _373qXS'])[17]'.</msg>
<status status="PASS" starttime="20220722 19:54:53.728" endtime="20220722 19:54:53.951"/>
</kw>
<kw name="Sleep" library="BuiltIn">
<arg>3s</arg>
<doc>Pauses the test executed for the given time.</doc>
<msg timestamp="20220722 19:54:56.959" level="INFO">Slept 3 seconds</msg>
<status status="PASS" starttime="20220722 19:54:53.952" endtime="20220722 19:54:56.959"/>
</kw>
<kw name="Click Link" library="SeleniumLibrary">
<arg>${Click}</arg>
<doc>Clicks a link identified by ``locator``.</doc>
<msg timestamp="20220722 19:54:56.959" level="INFO">Clicking link 'Click Link link:NOTIFY ME'.</msg>
<msg timestamp="20220722 19:54:57.455" level="INFO" html="true">&lt;/td&gt;&lt;/tr&gt;&lt;tr&gt;&lt;td colspan="3"&gt;&lt;a href="selenium-screenshot-30.png"&gt;&lt;img src="selenium-screenshot-30.png" width="800px"&gt;&lt;/a&gt;</msg>
<msg timestamp="20220722 19:54:57.455" level="FAIL">Link with locator 'Click Link link:NOTIFY ME' not found.</msg>
<status status="FAIL" starttime="20220722 19:54:56.959" endtime="20220722 19:54:57.455"/>
</kw>
<kw name="Scroll Element Into View" library="SeleniumLibrary">
<arg>${Notify}</arg>
<doc>Scrolls the element identified by ``locator`` into view.</doc>
<status status="NOT RUN" starttime="20220722 19:54:57.455" endtime="20220722 19:54:57.455"/>
</kw>
<status status="FAIL" starttime="20220722 19:54:36.060" endtime="20220722 19:54:57.455"/>
</kw>
<status status="FAIL" starttime="20220722 19:54:36.059" endtime="20220722 19:54:57.464">Link with locator 'Click Link link:NOTIFY ME' not found.</status>
</test>
<status status="FAIL" starttime="20220722 19:54:27.732" endtime="20220722 19:54:57.464"/>
</suite>
<statistics>
<total>
<stat pass="1" fail="1" skip="0">All Tests</stat>
</total>
<tag>
</tag>
<suite>
<stat pass="1" fail="1" skip="0" id="s1" name="TC 1">TC 1</stat>
</suite>
</statistics>
<errors>
</errors>
</robot>
